2017-11-03 17:18:33,446 [Worker-170] INFO  o.e.m.c.i.l.LifecycleMappingFactory - Using org.maven.ide.eclipse.wtp.WarLifecycleMapping lifecycle mapping for MavenProject: com.wzx:mvnweb:0.0.1-SNAPSHOT @ D:\wzx\workspace\mvnweb\pom.xml.
2017-11-03 17:18:54,867 [Worker-175] INFO  o.e.m.c.i.l.LifecycleMappingFactory - Using org.maven.ide.eclipse.wtp.WarLifecycleMapping lifecycle mapping for MavenProject: com.wzx:mvnweb:0.0.1-SNAPSHOT @ D:\wzx\workspace\mvnweb\pom.xml.
2017-11-03 17:18:56,430 [Worker-175] INFO  o.e.m.c.i.embedder.EclipseLogger - Using 'UTF-8' encoding to copy filtered resources.
2017-11-03 17:18:56,434 [Worker-175] INFO  o.e.m.c.i.embedder.EclipseLogger - Copying 3 resources
2017-11-03 17:18:56,445 [Worker-175] INFO  o.e.m.c.i.embedder.EclipseLogger - Using 'UTF-8' encoding to copy filtered resources.
2017-11-03 17:18:56,445 [Worker-175] INFO  o.e.m.c.i.embedder.EclipseLogger - skip non existing resourceDirectory D:\wzx\workspace\mvnweb\src\test\resources
2017-11-03 17:18:57,740 [Worker-174] INFO  o.e.m.c.i.l.LifecycleMappingFactory - Using org.maven.ide.eclipse.wtp.WarLifecycleMapping lifecycle mapping for MavenProject: com.wzx:mvnweb:0.0.1-SNAPSHOT @ D:\wzx\workspace\mvnweb\pom.xml.
2017-11-03 17:19:06,926 [Worker-167] INFO  o.e.m.c.i.embedder.EclipseLogger - Using 'UTF-8' encoding to copy filtered resources.
2017-11-03 17:19:06,931 [Worker-167] INFO  o.e.m.c.i.embedder.EclipseLogger - Copying 3 resources
2017-11-03 17:19:06,938 [Worker-167] INFO  o.e.m.c.i.embedder.EclipseLogger - Using 'UTF-8' encoding to copy filtered resources.
2017-11-03 17:19:06,938 [Worker-167] INFO  o.e.m.c.i.embedder.EclipseLogger - skip non existing resourceDirectory D:\wzx\workspace\mvnweb\src\test\resources
2017-11-03 17:19:08,286 [Worker-173] INFO  o.e.m.c.i.embedder.EclipseLogger - Using 'UTF-8' encoding to copy filtered resources.
2017-11-03 17:19:08,287 [Worker-173] INFO  o.e.m.c.i.embedder.EclipseLogger - Copying 3 resources
2017-11-03 17:19:08,295 [Worker-173] INFO  o.e.m.c.i.embedder.EclipseLogger - Using 'UTF-8' encoding to copy filtered resources.
2017-11-03 17:19:08,295 [Worker-173] INFO  o.e.m.c.i.embedder.EclipseLogger - skip non existing resourceDirectory D:\wzx\workspace\mvnweb\src\test\resources
2017-11-03 17:19:44,550 [Worker-173] INFO  o.e.m.c.i.l.LifecycleMappingFactory - Using org.maven.ide.eclipse.wtp.WarLifecycleMapping lifecycle mapping for MavenProject: com.wzx:mvnweb:0.0.1-SNAPSHOT @ D:\wzx\workspace\mvnweb\pom.xml.
2017-11-03 17:19:45,476 [Worker-173] INFO  o.e.m.c.i.embedder.EclipseLogger - Using 'UTF-8' encoding to copy filtered resources.
2017-11-03 17:19:45,477 [Worker-173] INFO  o.e.m.c.i.embedder.EclipseLogger - Copying 3 resources
2017-11-03 17:19:45,484 [Worker-173] INFO  o.e.m.c.i.embedder.EclipseLogger - Using 'UTF-8' encoding to copy filtered resources.
2017-11-03 17:19:45,484 [Worker-173] INFO  o.e.m.c.i.embedder.EclipseLogger - skip non existing resourceDirectory D:\wzx\workspace\mvnweb\src\test\resources
2017-11-03 19:14:56,353 [Worker-211] INFO  o.e.m.c.i.embedder.EclipseLogger - Using 'UTF-8' encoding to copy filtered resources.
2017-11-03 19:14:56,355 [Worker-211] INFO  o.e.m.c.i.embedder.EclipseLogger - Copying 3 resources
2017-11-03 19:14:56,357 [Worker-211] INFO  o.e.m.c.i.embedder.EclipseLogger - Using 'UTF-8' encoding to copy filtered resources.
2017-11-03 19:14:56,357 [Worker-211] INFO  o.e.m.c.i.embedder.EclipseLogger - skip non existing resourceDirectory D:\wzx\workspace\mvnweb\src\test\resources
2017-11-03 19:15:09,620 [Worker-207] INFO  o.e.m.c.i.embedder.EclipseLogger - Using 'UTF-8' encoding to copy filtered resources.
2017-11-03 19:15:09,621 [Worker-207] INFO  o.e.m.c.i.embedder.EclipseLogger - Copying 3 resources
2017-11-03 19:15:09,623 [Worker-207] INFO  o.e.m.c.i.embedder.EclipseLogger - Using 'UTF-8' encoding to copy filtered resources.
2017-11-03 19:15:09,623 [Worker-207] INFO  o.e.m.c.i.embedder.EclipseLogger - skip non existing resourceDirectory D:\wzx\workspace\mvnweb\src\test\resources
2017-11-03 19:15:29,130 [Worker-211] INFO  o.e.m.c.i.embedder.EclipseLogger - Using 'UTF-8' encoding to copy filtered resources.
2017-11-03 19:15:29,131 [Worker-211] INFO  o.e.m.c.i.embedder.EclipseLogger - Copying 3 resources
2017-11-03 19:15:29,133 [Worker-211] INFO  o.e.m.c.i.embedder.EclipseLogger - Using 'UTF-8' encoding to copy filtered resources.
2017-11-03 19:15:29,133 [Worker-211] INFO  o.e.m.c.i.embedder.EclipseLogger - skip non existing resourceDirectory D:\wzx\workspace\mvnweb\src\test\resources
2017-11-03 19:15:35,752 [Worker-211] INFO  o.e.m.c.i.embedder.EclipseLogger - Using 'UTF-8' encoding to copy filtered resources.
2017-11-03 19:15:35,753 [Worker-211] INFO  o.e.m.c.i.embedder.EclipseLogger - Copying 3 resources
2017-11-03 19:15:35,757 [Worker-211] INFO  o.e.m.c.i.embedder.EclipseLogger - Using 'UTF-8' encoding to copy filtered resources.
2017-11-03 19:15:35,758 [Worker-211] INFO  o.e.m.c.i.embedder.EclipseLogger - skip non existing resourceDirectory D:\wzx\workspace\mvnweb\src\test\resources
2017-11-03 19:16:02,561 [Worker-203] INFO  o.e.m.c.i.embedder.EclipseLogger - Using 'UTF-8' encoding to copy filtered resources.
2017-11-03 19:16:02,578 [Worker-203] INFO  o.e.m.c.i.embedder.EclipseLogger - Copying 0 resource
2017-11-03 19:16:02,580 [Worker-203] INFO  o.e.m.c.i.embedder.EclipseLogger - Using 'UTF-8' encoding to copy filtered resources.
2017-11-03 19:16:02,580 [Worker-203] INFO  o.e.m.c.i.embedder.EclipseLogger - skip non existing resourceDirectory D:\wzx\workspace\mvnweb\src\test\resources
2017-11-03 19:16:06,235 [Worker-214] INFO  o.e.m.c.i.embedder.EclipseLogger - Using 'UTF-8' encoding to copy filtered resources.
2017-11-03 19:16:06,236 [Worker-214] INFO  o.e.m.c.i.embedder.EclipseLogger - Copying 0 resource
2017-11-03 19:16:06,237 [Worker-214] INFO  o.e.m.c.i.embedder.EclipseLogger - Using 'UTF-8' encoding to copy filtered resources.
2017-11-03 19:16:06,237 [Worker-214] INFO  o.e.m.c.i.embedder.EclipseLogger - skip non existing resourceDirectory D:\wzx\workspace\mvnweb\src\test\resources
2017-11-03 19:16:48,516 [Worker-213] INFO  o.e.m.c.i.embedder.EclipseLogger - Using 'UTF-8' encoding to copy filtered resources.
2017-11-03 19:16:48,516 [Worker-213] INFO  o.e.m.c.i.embedder.EclipseLogger - Copying 0 resource
2017-11-03 19:16:48,519 [Worker-213] INFO  o.e.m.c.i.embedder.EclipseLogger - Using 'UTF-8' encoding to copy filtered resources.
2017-11-03 19:16:48,519 [Worker-213] INFO  o.e.m.c.i.embedder.EclipseLogger - skip non existing resourceDirectory D:\wzx\workspace\mvnweb\src\test\resources
2017-11-03 19:17:24,659 [Worker-214] INFO  o.e.m.c.i.embedder.EclipseLogger - Using 'UTF-8' encoding to copy filtered resources.
2017-11-03 19:17:24,659 [Worker-214] INFO  o.e.m.c.i.embedder.EclipseLogger - Copying 0 resource
2017-11-03 19:17:24,661 [Worker-214] INFO  o.e.m.c.i.embedder.EclipseLogger - Using 'UTF-8' encoding to copy filtered resources.
2017-11-03 19:17:24,661 [Worker-214] INFO  o.e.m.c.i.embedder.EclipseLogger - skip non existing resourceDirectory D:\wzx\workspace\mvnweb\src\test\resources
2017-11-03 19:17:29,910 [Worker-213] INFO  o.e.m.c.i.embedder.EclipseLogger - Using 'UTF-8' encoding to copy filtered resources.
2017-11-03 19:17:29,910 [Worker-213] INFO  o.e.m.c.i.embedder.EclipseLogger - Copying 0 resource
2017-11-03 19:17:29,913 [Worker-213] INFO  o.e.m.c.i.embedder.EclipseLogger - Using 'UTF-8' encoding to copy filtered resources.
2017-11-03 19:17:29,913 [Worker-213] INFO  o.e.m.c.i.embedder.EclipseLogger - skip non existing resourceDirectory D:\wzx\workspace\mvnweb\src\test\resources
2017-11-03 19:18:06,137 [Worker-213] INFO  o.e.m.c.i.embedder.EclipseLogger - Using 'UTF-8' encoding to copy filtered resources.
2017-11-03 19:18:06,137 [Worker-213] INFO  o.e.m.c.i.embedder.EclipseLogger - Copying 0 resource
2017-11-03 19:18:06,138 [Worker-213] INFO  o.e.m.c.i.embedder.EclipseLogger - Using 'UTF-8' encoding to copy filtered resources.
2017-11-03 19:18:06,139 [Worker-213] INFO  o.e.m.c.i.embedder.EclipseLogger - skip non existing resourceDirectory D:\wzx\workspace\mvnweb\src\test\resources
2017-11-03 19:18:13,275 [Worker-211] INFO  o.e.m.c.i.embedder.EclipseLogger - Using 'UTF-8' encoding to copy filtered resources.
2017-11-03 19:18:13,276 [Worker-211] INFO  o.e.m.c.i.embedder.EclipseLogger - Copying 0 resource
2017-11-03 19:18:13,277 [Worker-211] INFO  o.e.m.c.i.embedder.EclipseLogger - Using 'UTF-8' encoding to copy filtered resources.
2017-11-03 19:18:13,278 [Worker-211] INFO  o.e.m.c.i.embedder.EclipseLogger - skip non existing resourceDirectory D:\wzx\workspace\mvnweb\src\test\resources
2017-11-03 19:19:07,229 [Worker-212] INFO  o.e.m.c.i.embedder.EclipseLogger - Using 'UTF-8' encoding to copy filtered resources.
2017-11-03 19:19:07,230 [Worker-212] INFO  o.e.m.c.i.embedder.EclipseLogger - Copying 0 resource
2017-11-03 19:19:07,233 [Worker-212] INFO  o.e.m.c.i.embedder.EclipseLogger - Using 'UTF-8' encoding to copy filtered resources.
2017-11-03 19:19:07,233 [Worker-212] INFO  o.e.m.c.i.embedder.EclipseLogger - skip non existing resourceDirectory D:\wzx\workspace\mvnweb\src\test\resources
2017-11-03 19:19:35,329 [Worker-212] INFO  o.e.m.c.i.embedder.EclipseLogger - Using 'UTF-8' encoding to copy filtered resources.
2017-11-03 19:19:35,330 [Worker-212] INFO  o.e.m.c.i.embedder.EclipseLogger - Copying 0 resource
2017-11-03 19:19:35,331 [Worker-212] INFO  o.e.m.c.i.embedder.EclipseLogger - Using 'UTF-8' encoding to copy filtered resources.
2017-11-03 19:19:35,332 [Worker-212] INFO  o.e.m.c.i.embedder.EclipseLogger - skip non existing resourceDirectory D:\wzx\workspace\mvnweb\src\test\resources
2017-11-03 19:19:54,659 [Worker-211] INFO  o.e.m.c.i.embedder.EclipseLogger - Using 'UTF-8' encoding to copy filtered resources.
2017-11-03 19:19:54,659 [Worker-211] INFO  o.e.m.c.i.embedder.EclipseLogger - Copying 0 resource
2017-11-03 19:19:54,661 [Worker-211] INFO  o.e.m.c.i.embedder.EclipseLogger - Using 'UTF-8' encoding to copy filtered resources.
2017-11-03 19:19:54,661 [Worker-211] INFO  o.e.m.c.i.embedder.EclipseLogger - skip non existing resourceDirectory D:\wzx\workspace\mvnweb\src\test\resources
2017-11-03 19:20:07,018 [Worker-213] INFO  o.e.m.c.i.embedder.EclipseLogger - Using 'UTF-8' encoding to copy filtered resources.
2017-11-03 19:20:07,019 [Worker-213] INFO  o.e.m.c.i.embedder.EclipseLogger - Copying 0 resource
2017-11-03 19:20:07,021 [Worker-213] INFO  o.e.m.c.i.embedder.EclipseLogger - Using 'UTF-8' encoding to copy filtered resources.
2017-11-03 19:20:07,021 [Worker-213] INFO  o.e.m.c.i.embedder.EclipseLogger - skip non existing resourceDirectory D:\wzx\workspace\mvnweb\src\test\resources
2017-11-03 19:20:49,842 [Worker-213] INFO  o.e.m.c.i.embedder.EclipseLogger - Using 'UTF-8' encoding to copy filtered resources.
2017-11-03 19:20:49,843 [Worker-213] INFO  o.e.m.c.i.embedder.EclipseLogger - Copying 0 resource
2017-11-03 19:20:49,845 [Worker-213] INFO  o.e.m.c.i.embedder.EclipseLogger - Using 'UTF-8' encoding to copy filtered resources.
2017-11-03 19:20:49,845 [Worker-213] INFO  o.e.m.c.i.embedder.EclipseLogger - skip non existing resourceDirectory D:\wzx\workspace\mvnweb\src\test\resources
2017-11-04 08:59:47,209 [Worker-2] INFO  o.e.m.c.i.embedder.EclipseLogger - Using 'UTF-8' encoding to copy filtered resources.
2017-11-04 08:59:47,218 [Worker-2] INFO  o.e.m.c.i.embedder.EclipseLogger - Copying 3 resources
2017-11-04 08:59:47,231 [Worker-2] INFO  o.e.m.c.i.embedder.EclipseLogger - Using 'UTF-8' encoding to copy filtered resources.
2017-11-04 08:59:47,231 [Worker-2] INFO  o.e.m.c.i.embedder.EclipseLogger - skip non existing resourceDirectory D:\wzx\workspace\mvnweb\src\test\resources
2017-11-04 09:22:57,674 [Worker-17] INFO  o.e.m.c.i.embedder.EclipseLogger - Using 'UTF-8' encoding to copy filtered resources.
2017-11-04 09:22:57,680 [Worker-17] INFO  o.e.m.c.i.embedder.EclipseLogger - Copying 0 resource
2017-11-04 09:22:57,682 [Worker-17] INFO  o.e.m.c.i.embedder.EclipseLogger - Using 'UTF-8' encoding to copy filtered resources.
2017-11-04 09:22:57,683 [Worker-17] INFO  o.e.m.c.i.embedder.EclipseLogger - skip non existing resourceDirectory D:\wzx\workspace\mvnweb\src\test\resources
2017-11-04 09:23:14,614 [Worker-19] INFO  o.e.m.c.i.embedder.EclipseLogger - Using 'UTF-8' encoding to copy filtered resources.
2017-11-04 09:23:14,615 [Worker-19] INFO  o.e.m.c.i.embedder.EclipseLogger - Copying 0 resource
2017-11-04 09:23:14,616 [Worker-19] INFO  o.e.m.c.i.embedder.EclipseLogger - Using 'UTF-8' encoding to copy filtered resources.
2017-11-04 09:23:14,617 [Worker-19] INFO  o.e.m.c.i.embedder.EclipseLogger - skip non existing resourceDirectory D:\wzx\workspace\mvnweb\src\test\resources
2017-11-04 09:23:55,237 [Worker-17] INFO  o.e.m.c.i.embedder.EclipseLogger - Using 'UTF-8' encoding to copy filtered resources.
2017-11-04 09:23:55,237 [Worker-17] INFO  o.e.m.c.i.embedder.EclipseLogger - Copying 0 resource
2017-11-04 09:23:55,239 [Worker-17] INFO  o.e.m.c.i.embedder.EclipseLogger - Using 'UTF-8' encoding to copy filtered resources.
2017-11-04 09:23:55,239 [Worker-17] INFO  o.e.m.c.i.embedder.EclipseLogger - skip non existing resourceDirectory D:\wzx\workspace\mvnweb\src\test\resources
2017-11-04 09:24:01,264 [Worker-18] INFO  o.e.m.c.i.embedder.EclipseLogger - Using 'UTF-8' encoding to copy filtered resources.
2017-11-04 09:24:01,265 [Worker-18] INFO  o.e.m.c.i.embedder.EclipseLogger - Copying 0 resource
2017-11-04 09:24:01,266 [Worker-18] INFO  o.e.m.c.i.embedder.EclipseLogger - Using 'UTF-8' encoding to copy filtered resources.
2017-11-04 09:24:01,266 [Worker-18] INFO  o.e.m.c.i.embedder.EclipseLogger - skip non existing resourceDirectory D:\wzx\workspace\mvnweb\src\test\resources
2017-11-04 09:24:08,457 [Worker-17] INFO  o.e.m.c.i.embedder.EclipseLogger - Using 'UTF-8' encoding to copy filtered resources.
2017-11-04 09:24:08,457 [Worker-17] INFO  o.e.m.c.i.embedder.EclipseLogger - Copying 0 resource
2017-11-04 09:24:08,459 [Worker-17] INFO  o.e.m.c.i.embedder.EclipseLogger - Using 'UTF-8' encoding to copy filtered resources.
2017-11-04 09:24:08,459 [Worker-17] INFO  o.e.m.c.i.embedder.EclipseLogger - skip non existing resourceDirectory D:\wzx\workspace\mvnweb\src\test\resources
2017-11-04 09:26:33,903 [Worker-21] INFO  o.e.m.c.i.embedder.EclipseLogger - Using 'UTF-8' encoding to copy filtered resources.
2017-11-04 09:26:33,903 [Worker-21] INFO  o.e.m.c.i.embedder.EclipseLogger - Copying 0 resource
2017-11-04 09:26:33,905 [Worker-21] INFO  o.e.m.c.i.embedder.EclipseLogger - Using 'UTF-8' encoding to copy filtered resources.
2017-11-04 09:26:33,905 [Worker-21] INFO  o.e.m.c.i.embedder.EclipseLogger - skip non existing resourceDirectory D:\wzx\workspace\mvnweb\src\test\resources
2017-11-04 09:36:16,189 [Worker-26] INFO  o.e.m.c.i.embedder.EclipseLogger - Using 'UTF-8' encoding to copy filtered resources.
2017-11-04 09:36:16,189 [Worker-26] INFO  o.e.m.c.i.embedder.EclipseLogger - Copying 0 resource
2017-11-04 09:36:16,192 [Worker-26] INFO  o.e.m.c.i.embedder.EclipseLogger - Using 'UTF-8' encoding to copy filtered resources.
2017-11-04 09:36:16,192 [Worker-26] INFO  o.e.m.c.i.embedder.EclipseLogger - skip non existing resourceDirectory D:\wzx\workspace\mvnweb\src\test\resources
2017-11-07 08:59:15,108 [Worker-7] INFO  o.e.m.c.i.embedder.EclipseLogger - Using 'UTF-8' encoding to copy filtered resources.
2017-11-07 08:59:15,117 [Worker-7] INFO  o.e.m.c.i.embedder.EclipseLogger - Copying 3 resources
2017-11-07 08:59:15,127 [Worker-7] INFO  o.e.m.c.i.embedder.EclipseLogger - Using 'UTF-8' encoding to copy filtered resources.
2017-11-07 08:59:15,127 [Worker-7] INFO  o.e.m.c.i.embedder.EclipseLogger - skip non existing resourceDirectory D:\wzx\workspace\mvnweb\src\test\resources
2017-11-07 10:59:39,113 [Worker-53] INFO  o.e.m.c.i.l.LifecycleMappingFactory - Using org.maven.ide.eclipse.wtp.WarLifecycleMapping lifecycle mapping for MavenProject: com.wzx:mvnweb:0.0.1-SNAPSHOT @ D:\wzx\workspace\mvnweb\pom.xml.
2017-11-07 10:59:39,421 [Worker-53] INFO  c.n.h.c.p.n.NettyAsyncHttpProvider - Number of application's worked threads is 4
2017-11-07 10:59:40,953 [New I/O client worker #1-1] INFO  o.e.m.c.i.e.AbstractTransferListenerAdapter - Downloading http://maven.aliyun.com/nexus/content/groups/public/net/sf/json-lib/json-lib/2.4/json-lib-2.4.pom
2017-11-07 10:59:40,960 [New I/O client worker #1-1] INFO  o.e.m.c.i.e.AbstractTransferListenerAdapter - Downloaded http://maven.aliyun.com/nexus/content/groups/public/net/sf/json-lib/json-lib/2.4/json-lib-2.4.pom
2017-11-07 10:59:42,040 [Worker-53] INFO  c.n.h.c.p.n.NettyAsyncHttpProvider - Number of application's worked threads is 4
2017-11-07 10:59:42,693 [New I/O client worker #2-1] INFO  o.e.m.c.i.e.AbstractTransferListenerAdapter - Downloading http://maven.aliyun.com/nexus/content/groups/public/commons-beanutils/commons-beanutils/1.8.0/commons-beanutils-1.8.0.pom
2017-11-07 10:59:42,695 [New I/O client worker #2-1] INFO  o.e.m.c.i.e.AbstractTransferListenerAdapter - Downloaded http://maven.aliyun.com/nexus/content/groups/public/commons-beanutils/commons-beanutils/1.8.0/commons-beanutils-1.8.0.pom
2017-11-07 10:59:43,146 [Worker-53] INFO  c.n.h.c.p.n.NettyAsyncHttpProvider - Number of application's worked threads is 4
2017-11-07 10:59:43,952 [New I/O client worker #3-1] INFO  o.e.m.c.i.e.AbstractTransferListenerAdapter - Downloading http://maven.aliyun.com/nexus/content/groups/public/org/apache/commons/commons-parent/11/commons-parent-11.pom
2017-11-07 10:59:43,994 [New I/O client worker #3-1] INFO  o.e.m.c.i.e.AbstractTransferListenerAdapter - Downloaded http://maven.aliyun.com/nexus/content/groups/public/org/apache/commons/commons-parent/11/commons-parent-11.pom
2017-11-07 10:59:44,723 [Worker-53] INFO  c.n.h.c.p.n.NettyAsyncHttpProvider - Number of application's worked threads is 4
2017-11-07 10:59:45,216 [New I/O client worker #4-1] INFO  o.e.m.c.i.e.AbstractTransferListenerAdapter - Downloading http://maven.aliyun.com/nexus/content/groups/public/commons-lang/commons-lang/2.5/commons-lang-2.5.pom
2017-11-07 10:59:45,258 [New I/O client worker #4-1] INFO  o.e.m.c.i.e.AbstractTransferListenerAdapter - Downloaded http://maven.aliyun.com/nexus/content/groups/public/commons-lang/commons-lang/2.5/commons-lang-2.5.pom
2017-11-07 10:59:45,665 [Worker-53] INFO  c.n.h.c.p.n.NettyAsyncHttpProvider - Number of application's worked threads is 4
2017-11-07 10:59:46,153 [New I/O client worker #5-1] INFO  o.e.m.c.i.e.AbstractTransferListenerAdapter - Downloading http://maven.aliyun.com/nexus/content/groups/public/net/sf/ezmorph/ezmorph/1.0.6/ezmorph-1.0.6.pom
2017-11-07 10:59:46,157 [New I/O client worker #5-1] INFO  o.e.m.c.i.e.AbstractTransferListenerAdapter - Downloaded http://maven.aliyun.com/nexus/content/groups/public/net/sf/ezmorph/ezmorph/1.0.6/ezmorph-1.0.6.pom
2017-11-07 10:59:46,560 [Worker-53] INFO  c.n.h.c.p.n.NettyAsyncHttpProvider - Number of application's worked threads is 4
2017-11-07 10:59:47,198 [New I/O client worker #6-1] INFO  o.e.m.c.i.e.AbstractTransferListenerAdapter - Downloading http://maven.aliyun.com/nexus/content/groups/public/commons-lang/commons-lang/2.3/commons-lang-2.3.pom
2017-11-07 10:59:47,201 [New I/O client worker #6-1] INFO  o.e.m.c.i.e.AbstractTransferListenerAdapter - Downloaded http://maven.aliyun.com/nexus/content/groups/public/commons-lang/commons-lang/2.3/commons-lang-2.3.pom
2017-11-07 10:59:47,747 [Worker-53] INFO  c.n.h.c.p.n.NettyAsyncHttpProvider - Number of application's worked threads is 4
2017-11-07 10:59:47,847 [New I/O client worker #7-1] INFO  o.e.m.c.i.e.AbstractTransferListenerAdapter - Downloaded http://maven.aliyun.com/nexus/content/groups/public/net/sf/json-lib/json-lib/2.4/json-lib-2.4.jar
2017-11-07 10:59:49,367 [New I/O client worker #7-2] INFO  o.e.m.c.i.e.AbstractTransferListenerAdapter - Downloading http://maven.aliyun.com/nexus/content/groups/public/net/sf/ezmorph/ezmorph/1.0.6/ezmorph-1.0.6.jar
2017-11-07 10:59:49,490 [New I/O client worker #7-2] INFO  o.e.m.c.i.e.AbstractTransferListenerAdapter - Downloaded http://maven.aliyun.com/nexus/content/groups/public/net/sf/ezmorph/ezmorph/1.0.6/ezmorph-1.0.6.jar
2017-11-07 10:59:51,779 [Worker-53] INFO  o.e.m.c.i.embedder.EclipseLogger - Using 'UTF-8' encoding to copy filtered resources.
2017-11-07 10:59:51,782 [Worker-53] INFO  o.e.m.c.i.embedder.EclipseLogger - Copying 0 resource
2017-11-07 10:59:51,783 [Worker-53] INFO  o.e.m.c.i.embedder.EclipseLogger - Using 'UTF-8' encoding to copy filtered resources.
2017-11-07 10:59:51,784 [Worker-53] INFO  o.e.m.c.i.embedder.EclipseLogger - skip non existing resourceDirectory D:\wzx\workspace\mvnweb\src\test\resources
2017-11-07 10:59:51,784 [Worker-53] INFO  o.e.m.w.i.f.ResourceFilteringBuildParticipant - Changed resources require a complete clean of filtered resources of mvnweb
2017-11-07 10:59:51,785 [Worker-53] INFO  o.e.m.w.i.f.ResourceFilteringBuildParticipant - Executing resource filtering for mvnweb
2017-11-07 10:59:51,792 [Worker-53] INFO  o.e.m.c.i.embedder.EclipseLogger - Using 'UTF-8' encoding to copy filtered resources.
2017-11-07 10:59:54,588 [Worker-48] INFO  o.e.m.c.i.l.LifecycleMappingFactory - Using org.maven.ide.eclipse.wtp.WarLifecycleMapping lifecycle mapping for MavenProject: com.wzx:mvnweb:0.0.1-SNAPSHOT @ D:\wzx\workspace\mvnweb\pom.xml.
2017-11-07 10:59:55,136 [Worker-48] INFO  o.e.m.c.i.embedder.EclipseLogger - Using 'UTF-8' encoding to copy filtered resources.
2017-11-07 10:59:55,136 [Worker-48] INFO  o.e.m.c.i.embedder.EclipseLogger - Copying 0 resource
2017-11-07 10:59:55,137 [Worker-48] INFO  o.e.m.c.i.embedder.EclipseLogger - Using 'UTF-8' encoding to copy filtered resources.
2017-11-07 10:59:55,137 [Worker-48] INFO  o.e.m.c.i.embedder.EclipseLogger - skip non existing resourceDirectory D:\wzx\workspace\mvnweb\src\test\resources
2017-11-07 10:59:55,138 [Worker-48] INFO  o.e.m.w.i.f.ResourceFilteringBuildParticipant - Changed resources require a complete clean of filtered resources of mvnweb
2017-11-07 10:59:55,138 [Worker-48] INFO  o.e.m.w.i.f.ResourceFilteringBuildParticipant - Executing resource filtering for mvnweb
2017-11-07 10:59:55,142 [Worker-48] INFO  o.e.m.c.i.embedder.EclipseLogger - Using 'UTF-8' encoding to copy filtered resources.
2017-11-07 11:02:34,898 [Worker-57] INFO  o.e.m.c.i.l.LifecycleMappingFactory - Using org.maven.ide.eclipse.wtp.WarLifecycleMapping lifecycle mapping for MavenProject: com.wzx:mvnweb:0.0.1-SNAPSHOT @ D:\wzx\workspace\mvnweb\pom.xml.
2017-11-07 11:02:35,428 [Worker-57] INFO  o.e.m.c.i.embedder.EclipseLogger - Using 'UTF-8' encoding to copy filtered resources.
2017-11-07 11:02:35,428 [Worker-57] INFO  o.e.m.c.i.embedder.EclipseLogger - Copying 0 resource
2017-11-07 11:02:35,429 [Worker-57] INFO  o.e.m.c.i.embedder.EclipseLogger - Using 'UTF-8' encoding to copy filtered resources.
2017-11-07 11:02:35,429 [Worker-57] INFO  o.e.m.c.i.embedder.EclipseLogger - skip non existing resourceDirectory D:\wzx\workspace\mvnweb\src\test\resources
2017-11-07 11:02:35,430 [Worker-57] INFO  o.e.m.w.i.f.ResourceFilteringBuildParticipant - Changed resources require a complete clean of filtered resources of mvnweb
2017-11-07 11:02:35,430 [Worker-57] INFO  o.e.m.w.i.f.ResourceFilteringBuildParticipant - Executing resource filtering for mvnweb
2017-11-07 11:02:35,437 [Worker-57] INFO  o.e.m.c.i.embedder.EclipseLogger - Using 'UTF-8' encoding to copy filtered resources.
2017-11-07 11:02:38,073 [Worker-64] INFO  o.e.m.c.i.embedder.EclipseLogger - Using 'UTF-8' encoding to copy filtered resources.
2017-11-07 11:02:38,075 [Worker-64] INFO  o.e.m.c.i.embedder.EclipseLogger - Copying 3 resources
2017-11-07 11:02:38,089 [Worker-64] INFO  o.e.m.c.i.embedder.EclipseLogger - Using 'UTF-8' encoding to copy filtered resources.
2017-11-07 11:02:38,089 [Worker-64] INFO  o.e.m.c.i.embedder.EclipseLogger - skip non existing resourceDirectory D:\wzx\workspace\mvnweb\src\test\resources
2017-11-07 16:19:26,642 [Worker-4] INFO  o.e.m.c.i.embedder.EclipseLogger - Using 'UTF-8' encoding to copy filtered resources.
2017-11-07 16:19:26,655 [Worker-4] INFO  o.e.m.c.i.embedder.EclipseLogger - Copying 3 resources
2017-11-07 16:19:26,665 [Worker-4] INFO  o.e.m.c.i.embedder.EclipseLogger - Using 'UTF-8' encoding to copy filtered resources.
2017-11-07 16:19:26,665 [Worker-4] INFO  o.e.m.c.i.embedder.EclipseLogger - skip non existing resourceDirectory D:\wzx\workspace\mvnweb\src\test\resources
2017-11-08 08:46:07,323 [Worker-1] INFO  o.e.m.c.i.embedder.EclipseLogger - Using 'UTF-8' encoding to copy filtered resources.
2017-11-08 08:46:07,348 [Worker-1] INFO  o.e.m.c.i.embedder.EclipseLogger - Copying 3 resources
2017-11-08 08:46:07,381 [Worker-1] INFO  o.e.m.c.i.embedder.EclipseLogger - Using 'UTF-8' encoding to copy filtered resources.
2017-11-08 08:46:07,382 [Worker-1] INFO  o.e.m.c.i.embedder.EclipseLogger - skip non existing resourceDirectory D:\wzx\workspace\mvnweb\src\test\resources
2017-11-08 09:27:36,704 [Worker-30] INFO  o.e.m.w.i.f.ResourceFilteringBuildParticipant - Cleaning filtered folder for mvnweb
2017-11-08 09:28:05,628 [Worker-40] INFO  o.e.m.c.i.embedder.EclipseLogger - Using 'UTF-8' encoding to copy filtered resources.
2017-11-08 09:28:05,629 [Worker-40] INFO  o.e.m.c.i.embedder.EclipseLogger - Copying 3 resources
2017-11-08 09:28:05,641 [Worker-40] INFO  o.e.m.c.i.embedder.EclipseLogger - Using 'UTF-8' encoding to copy filtered resources.
2017-11-08 09:28:05,642 [Worker-40] INFO  o.e.m.c.i.embedder.EclipseLogger - skip non existing resourceDirectory D:\wzx\workspace\mvnweb\src\test\resources
2017-11-08 09:42:17,266 [Worker-44] INFO  o.e.m.w.i.f.ResourceFilteringBuildParticipant - Cleaning filtered folder for mvnweb
2017-11-08 09:42:28,252 [Worker-48] INFO  o.e.m.c.i.embedder.EclipseLogger - Using 'UTF-8' encoding to copy filtered resources.
2017-11-08 09:42:28,253 [Worker-48] INFO  o.e.m.c.i.embedder.EclipseLogger - Copying 3 resources
2017-11-08 09:42:28,260 [Worker-48] INFO  o.e.m.c.i.embedder.EclipseLogger - Using 'UTF-8' encoding to copy filtered resources.
2017-11-08 09:42:28,261 [Worker-48] INFO  o.e.m.c.i.embedder.EclipseLogger - skip non existing resourceDirectory D:\wzx\workspace\mvnweb\src\test\resources
2017-11-08 09:46:36,159 [Worker-7] INFO  o.e.m.c.i.embedder.EclipseLogger - Using 'UTF-8' encoding to copy filtered resources.
2017-11-08 09:46:36,162 [Worker-7] INFO  o.e.m.c.i.embedder.EclipseLogger - Copying 0 resource
2017-11-08 09:46:36,163 [Worker-7] INFO  o.e.m.c.i.embedder.EclipseLogger - Using 'UTF-8' encoding to copy filtered resources.
2017-11-08 09:46:36,164 [Worker-7] INFO  o.e.m.c.i.embedder.EclipseLogger - skip non existing resourceDirectory D:\wzx\workspace\mvnweb\src\test\resources
2017-11-08 09:46:42,598 [Worker-43] INFO  o.e.m.w.i.f.ResourceFilteringBuildParticipant - Cleaning filtered folder for mvnweb
2017-11-08 09:46:52,619 [Worker-50] INFO  o.e.m.c.i.embedder.EclipseLogger - Using 'UTF-8' encoding to copy filtered resources.
2017-11-08 09:46:52,620 [Worker-50] INFO  o.e.m.c.i.embedder.EclipseLogger - Copying 3 resources
2017-11-08 09:46:52,626 [Worker-50] INFO  o.e.m.c.i.embedder.EclipseLogger - Using 'UTF-8' encoding to copy filtered resources.
2017-11-08 09:46:52,626 [Worker-50] INFO  o.e.m.c.i.embedder.EclipseLogger - skip non existing resourceDirectory D:\wzx\workspace\mvnweb\src\test\resources
2017-11-08 09:48:08,805 [Worker-44] INFO  o.e.m.w.i.f.ResourceFilteringBuildParticipant - Cleaning filtered folder for mvnweb
2017-11-08 09:48:17,715 [Worker-7] INFO  o.e.m.c.i.embedder.EclipseLogger - Using 'UTF-8' encoding to copy filtered resources.
2017-11-08 09:48:17,716 [Worker-7] INFO  o.e.m.c.i.embedder.EclipseLogger - Copying 3 resources
2017-11-08 09:48:17,722 [Worker-7] INFO  o.e.m.c.i.embedder.EclipseLogger - Using 'UTF-8' encoding to copy filtered resources.
2017-11-08 09:48:17,722 [Worker-7] INFO  o.e.m.c.i.embedder.EclipseLogger - skip non existing resourceDirectory D:\wzx\workspace\mvnweb\src\test\resources
2017-11-08 09:55:01,188 [Worker-43] INFO  o.e.m.c.i.embedder.EclipseLogger - Using 'UTF-8' encoding to copy filtered resources.
2017-11-08 09:55:01,188 [Worker-43] INFO  o.e.m.c.i.embedder.EclipseLogger - Copying 3 resources
2017-11-08 09:55:01,195 [Worker-43] INFO  o.e.m.c.i.embedder.EclipseLogger - Using 'UTF-8' encoding to copy filtered resources.
2017-11-08 09:55:01,195 [Worker-43] INFO  o.e.m.c.i.embedder.EclipseLogger - skip non existing resourceDirectory D:\wzx\workspace\mvnweb\src\test\resources
2017-11-08 09:55:47,564 [Worker-56] INFO  o.e.m.c.i.embedder.EclipseLogger - Using 'UTF-8' encoding to copy filtered resources.
2017-11-08 09:55:47,565 [Worker-56] INFO  o.e.m.c.i.embedder.EclipseLogger - Copying 3 resources
2017-11-08 09:55:47,572 [Worker-56] INFO  o.e.m.c.i.embedder.EclipseLogger - Using 'UTF-8' encoding to copy filtered resources.
2017-11-08 09:55:47,572 [Worker-56] INFO  o.e.m.c.i.embedder.EclipseLogger - skip non existing resourceDirectory D:\wzx\workspace\mvnweb\src\test\resources
2017-11-08 09:56:01,060 [Worker-55] INFO  o.e.m.c.i.embedder.EclipseLogger - Using 'UTF-8' encoding to copy filtered resources.
2017-11-08 09:56:01,061 [Worker-55] INFO  o.e.m.c.i.embedder.EclipseLogger - Copying 3 resources
2017-11-08 09:56:01,068 [Worker-55] INFO  o.e.m.c.i.embedder.EclipseLogger - Using 'UTF-8' encoding to copy filtered resources.
2017-11-08 09:56:01,068 [Worker-55] INFO  o.e.m.c.i.embedder.EclipseLogger - skip non existing resourceDirectory D:\wzx\workspace\mvnweb\src\test\resources
2017-11-08 16:35:15,076 [Worker-181] INFO  o.e.m.c.i.embedder.EclipseLogger - Using 'UTF-8' encoding to copy filtered resources.
2017-11-08 16:35:15,077 [Worker-181] INFO  o.e.m.c.i.embedder.EclipseLogger - Copying 0 resource
2017-11-08 16:35:15,080 [Worker-181] INFO  o.e.m.c.i.embedder.EclipseLogger - Using 'UTF-8' encoding to copy filtered resources.
2017-11-08 16:35:15,080 [Worker-181] INFO  o.e.m.c.i.embedder.EclipseLogger - skip non existing resourceDirectory D:\wzx\workspace\mvnweb\src\test\resources
2017-11-09 08:52:48,339 [Worker-2] INFO  o.e.m.c.i.embedder.EclipseLogger - Using 'UTF-8' encoding to copy filtered resources.
2017-11-09 08:52:48,346 [Worker-2] INFO  o.e.m.c.i.embedder.EclipseLogger - Copying 3 resources
2017-11-09 08:52:48,354 [Worker-2] INFO  o.e.m.c.i.embedder.EclipseLogger - Using 'UTF-8' encoding to copy filtered resources.
2017-11-09 08:52:48,355 [Worker-2] INFO  o.e.m.c.i.embedder.EclipseLogger - skip non existing resourceDirectory D:\wzx\workspace\mvnweb\src\test\resources
2017-11-09 10:47:18,318 [Worker-2] INFO  o.e.m.c.i.embedder.EclipseLogger - Using 'UTF-8' encoding to copy filtered resources.
2017-11-09 10:47:18,325 [Worker-2] INFO  o.e.m.c.i.embedder.EclipseLogger - Copying 3 resources
2017-11-09 10:47:18,334 [Worker-2] INFO  o.e.m.c.i.embedder.EclipseLogger - Using 'UTF-8' encoding to copy filtered resources.
2017-11-09 10:47:18,334 [Worker-2] INFO  o.e.m.c.i.embedder.EclipseLogger - skip non existing resourceDirectory D:\wzx\workspace\mvnweb\src\test\resources
2017-11-13 19:45:03,448 [Worker-358] INFO  o.e.m.c.i.l.LifecycleMappingFactory - Using org.maven.ide.eclipse.wtp.WarLifecycleMapping lifecycle mapping for MavenProject: com.wzx:mvnweb:0.0.1-SNAPSHOT @ D:\wzx\workspace\mvnweb\pom.xml.
2017-11-13 19:45:06,027 [Worker-364] INFO  o.e.m.c.i.embedder.EclipseLogger - Using 'UTF-8' encoding to copy filtered resources.
2017-11-13 19:45:06,038 [Worker-364] INFO  o.e.m.c.i.embedder.EclipseLogger - Copying 3 resources
2017-11-13 19:45:06,055 [Worker-364] INFO  o.e.m.c.i.embedder.EclipseLogger - Using 'UTF-8' encoding to copy filtered resources.
2017-11-13 19:45:06,055 [Worker-364] INFO  o.e.m.c.i.embedder.EclipseLogger - skip non existing resourceDirectory D:\wzx\workspace\mvnweb\src\test\resources
2017-11-14 08:49:45,839 [Worker-6] INFO  o.e.m.c.i.embedder.EclipseLogger - Using 'UTF-8' encoding to copy filtered resources.
2017-11-14 08:49:45,852 [Worker-6] INFO  o.e.m.c.i.embedder.EclipseLogger - Copying 3 resources
2017-11-14 08:49:45,862 [Worker-6] INFO  o.e.m.c.i.embedder.EclipseLogger - Using 'UTF-8' encoding to copy filtered resources.
2017-11-14 08:49:45,863 [Worker-6] INFO  o.e.m.c.i.embedder.EclipseLogger - skip non existing resourceDirectory D:\wzx\workspace\mvnweb\src\test\resources
2017-11-14 15:55:29,350 [Worker-142] INFO  o.e.m.c.i.embedder.EclipseLogger - Using 'UTF-8' encoding to copy filtered resources.
2017-11-14 15:55:29,363 [Worker-142] INFO  o.e.m.c.i.embedder.EclipseLogger - Copying 1 resource
2017-11-14 15:55:29,377 [Worker-142] INFO  o.e.m.c.i.embedder.EclipseLogger - Using 'UTF-8' encoding to copy filtered resources.
2017-11-14 15:55:29,378 [Worker-142] INFO  o.e.m.c.i.embedder.EclipseLogger - skip non existing resourceDirectory D:\wzx\workspace\mvnweb\src\test\resources
